d:\documents - data drive\c++\projects\solarsystemsim\debug\vc141.pdb
d:\documents - data drive\c++\projects\solarsystemsim\debug\vc141.idb
d:\documents - data drive\c++\projects\solarsystemsim\debug\cmakecxxcompilerid.obj
d:\documents - data drive\c++\projects\solarsystemsim\debug\feature_tests.obj
d:\documents - data drive\c++\projects\solarsystemsim\debug\celestialbody.obj
d:\documents - data drive\c++\projects\solarsystemsim\debug\solver.obj
d:\documents - data drive\c++\projects\solarsystemsim\debug\initial.obj
d:\documents - data drive\c++\projects\solarsystemsim\debug\main.obj
d:\documents - data drive\c++\projects\solarsystemsim\debug\test.obj
d:\documents - data drive\c++\projects\solarsystemsim\debug\cmakeccompilerid.obj
d:\documents - data drive\c++\projects\solarsystemsim\debug\solarsystem.pdb
d:\documents - data drive\c++\projects\solarsystemsim\debug\solarsystem.tlog\cl.command.1.tlog
d:\documents - data drive\c++\projects\solarsystemsim\debug\solarsystem.tlog\cl.read.1.tlog
d:\documents - data drive\c++\projects\solarsystemsim\debug\solarsystem.tlog\cl.write.1.tlog
d:\documents - data drive\c++\projects\solarsystemsim\debug\solarsystem.tlog\link-cvtres.read.1.tlog
d:\documents - data drive\c++\projects\solarsystemsim\debug\solarsystem.tlog\link-cvtres.write.1.tlog
d:\documents - data drive\c++\projects\solarsystemsim\debug\solarsystem.tlog\link-rc.read.1.tlog
d:\documents - data drive\c++\projects\solarsystemsim\debug\solarsystem.tlog\link-rc.write.1.tlog
d:\documents - data drive\c++\projects\solarsystemsim\debug\solarsystem.tlog\link.command.1.tlog
d:\documents - data drive\c++\projects\solarsystemsim\debug\solarsystem.tlog\link.read.1.tlog
d:\documents - data drive\c++\projects\solarsystemsim\debug\solarsystem.tlog\link.write.1.tlog
